TeamCode/build 2/outputs/logs/manifest-merger-debug-report.txt
-- Merging decision tree log ---
manifest
ADDED from src/main/AndroidManifest.xml:8:1-12:12
INJECTED from src/main/AndroidManifest.xml:8:1-12:12
INJECTED from src/main/AndroidManifest.xml:8:1-12:12
INJECTED from src/main/AndroidManifest.xml:8:1-12:12
MERGED from [:FtcRobotController] AndroidManifest.xml:2:1-66:12
MERGED from [org.firstinspires.ftc:RobotCore:6.0.1] AndroidManifest.xml:2:1-130:12
MERGED from [org.firstinspires.ftc:Hardware:6.0.1] AndroidManifest.xml:2:1-11:12
MERGED from [org.firstinspires.ftc:FtcCommon:6.0.1] AndroidManifest.xml:3:1-235:12
MERGED from [:tfod-release:] AndroidManifest.xml:2:1-11:12
MERGED from [:tensorflow-lite-0.0.0-nightly:] AndroidManifest.xml:2:1-6:12
MERGED from [org.firstinspires.ftc:Inspection:6.0.1] AndroidManifest.xml:2:1-32:12
MERGED from [org.firstinspires.ftc:Blocks:6.0.1] AndroidManifest.xml:2:1-26:12
MERGED from [org.firstinspires.ftc:RobotServer:6.0.1] AndroidManifest.xml:2:1-11:12
MERGED from [org.firstinspires.ftc:OnBotJava:6.0.1] AndroidManifest.xml:34:1-43:12
MERGED from [androidx.appcompat:appcompat:1.2.0] AndroidManifest.xml:17:1-24:12
MERGED from [androidx.fragment:fragment:1.1.0] AndroidManifest.xml:17:1-24:12
MERGED from [androidx.appcompat:appcompat-resources:1.2.0] AndroidManifest.xml:17:1-24:12
MERGED from [androidx.drawerlayout:drawerlayout:1.0.0] AndroidManifest.xml:17:1-22:12
MERGED from [androidx.viewpager:viewpager:1.0.0] AndroidManifest.xml:17:1-22:12
MERGED from [androidx.loader:loader:1.0.0] AndroidManifest.xml:17:1-22:12
MERGED from [androidx.activity:activity:1.0.0] AndroidManifest.xml:17:1-24:12
MERGED from [androidx.vectordrawable:vectordrawable-animated:1.1.0] AndroidManifest.xml:17:1-24:12
MERGED from [androidx.vectordrawable:vectordrawable:1.1.0] AndroidManifest.xml:17:1-24:12
MERGED from [androidx.customview:customview:1.0.0] AndroidManifest.xml:17:1-22:12
MERGED from [androidx.core:core:1.3.0] AndroidManifest.xml:17:1-26:12
MERGED from [androidx.cursoradapter:cursoradapter:1.0.0] AndroidManifest.xml:17:1-22:12
MERGED from [androidx.versionedparcelable:versionedparcelable:1.1.0] AndroidManifest.xml:17:1-27:12
MERGED from [androidx.lifecycle:lifecycle-runtime:2.1.0] AndroidManifest.xml:17:1-22:12
MERGED from [androidx.lifecycle:lifecycle-viewmodel:2.1.0] AndroidManifest.xml:17:1-22:12
MERGED from [androidx.savedstate:savedstate:1.0.0] AndroidManifest.xml:17:1-24:12
MERGED from [androidx.interpolator:interpolator:1.0.0] AndroidManifest.xml:17:1-22:12
MERGED from [androidx.lifecycle:lifecycle-livedata:2.0.0] AndroidManifest.xml:17:1-22:12
MERGED from [androidx.lifecycle:lifecycle-livedata-core:2.0.0] AndroidManifest.xml:17:1-22:12
MERGED from [androidx.arch.core:core-runtime:2.0.0] AndroidManifest.xml:17:1-22:12
INJECTED from src/main/AndroidManifest.xml:8:1-12:12
INJECTED from src/main/AndroidManifest.xml:8:1-12:12
INJECTED from src/main/AndroidManifest.xml:8:1-12:12
	package
		ADDED from src/main/AndroidManifest.xml:9:5-45
		INJECTED from src/main/AndroidManifest.xml
		INJECTED from src/main/AndroidManifest.xml
	android:versionName
		INJECTED from src/main/AndroidManifest.xml
		ADDED from src/main/AndroidManifest.xml:8:1-12:12
		INJECTED from src/main/AndroidManifest.xml
	android:versionCode
		INJECTED from src/main/AndroidManifest.xml
		ADDED from src/main/AndroidManifest.xml:8:1-12:12
		INJECTED from src/main/AndroidManifest.xml
	xmlns:android
		ADDED from src/main/AndroidManifest.xml:10:5-63
application
ADDED from src/main/AndroidManifest.xml:11:5-19
MERGED from [:FtcRobotController] AndroidManifest.xml:14:5-64:19
MERGED from [:FtcRobotController] AndroidManifest.xml:14:5-64:19
MERGED from [org.firstinspires.ftc:RobotCore:6.0.1] AndroidManifest.xml:86:5-128:19
MERGED from [org.firstinspires.ftc:RobotCore:6.0.1] AndroidManifest.xml:86:5-128:19
MERGED from [org.firstinspires.ftc:FtcCommon:6.0.1] AndroidManifest.xml:23:5-233:19
MERGED from [org.firstinspires.ftc:FtcCommon:6.0.1] AndroidManifest.xml:23:5-233:19
MERGED from [:tensorflow-lite-0.0.0-nightly:] AndroidManifest.xml:4:5-5:19
MERGED from [:tensorflow-lite-0.0.0-nightly:] AndroidManifest.xml:4:5-5:19
MERGED from [org.firstinspires.ftc:Inspection:6.0.1] AndroidManifest.xml:19:5-30:19
MERGED from [org.firstinspires.ftc:Inspection:6.0.1] AndroidManifest.xml:19:5-30:19
MERGED from [org.firstinspires.ftc:Blocks:6.0.1] AndroidManifest.xml:18:5-24:19
MERGED from [org.firstinspires.ftc:Blocks:6.0.1] AndroidManifest.xml:18:5-24:19
MERGED from [androidx.core:core:1.3.0] AndroidManifest.xml:24:5-89
MERGED from [androidx.core:core:1.3.0] AndroidManifest.xml:24:5-89
MERGED from [androidx.versionedparcelable:versionedparcelable:1.1.0] AndroidManifest.xml:24:5-25:19
MERGED from [androidx.versionedparcelable:versionedparcelable:1.1.0] AndroidManifest.xml:24:5-25:19
	android:extractNativeLibs
		ADDED from [:FtcRobotController] AndroidManifest.xml:16:9-41
	android:appComponentFactory
		ADDED from [androidx.core:core:1.3.0] AndroidManifest.xml:24:18-86
	android:label
		ADDED from [:FtcRobotController] AndroidManifest.xml:18:9-41
	android:largeHeap
		ADDED from [:FtcRobotController] AndroidManifest.xml:19:9-33
	android:icon
		ADDED from [:FtcRobotController] AndroidManifest.xml:17:9-45
	android:allowBackup
		ADDED from [:FtcRobotController] AndroidManifest.xml:15:9-35
	android:theme
		ADDED from [:FtcRobotController] AndroidManifest.xml:20:9-45
	android:name
		ADDED from [org.firstinspires.ftc:RobotCore:6.0.1] AndroidManifest.xml:86:18-97
uses-sdk
INJECTED from src/main/AndroidManifest.xml reason: use-sdk injection requested
INJECTED from src/main/AndroidManifest.xml
INJECTED from src/main/AndroidManifest.xml
MERGED from [:FtcRobotController] AndroidManifest.xml:8:5-10:41
MERGED from [:FtcRobotController] AndroidManifest.xml:8:5-10:41
MERGED from [org.firstinspires.ftc:RobotCore:6.0.1] AndroidManifest.xml:7:5-9:41
MERGED from [org.firstinspires.ftc:RobotCore:6.0.1] AndroidManifest.xml:7:5-9:41
MERGED from [org.firstinspires.ftc:Hardware:6.0.1] AndroidManifest.xml:7:5-9:41
MERGED from [org.firstinspires.ftc:Hardware:6.0.1] AndroidManifest.xml:7:5-9:41
MERGED from [org.firstinspires.ftc:FtcCommon:6.0.1] AndroidManifest.xml:8:5-10:41
MERGED from [org.firstinspires.ftc:FtcCommon:6.0.1] AndroidManifest.xml:8:5-10:41
MERGED from [:tfod-release:] AndroidManifest.xml:7:5-9:41
MERGED from [:tfod-release:] AndroidManifest.xml:7:5-9:41
MERGED from [org.firstinspires.ftc:Inspection:6.0.1] AndroidManifest.xml:7:5-9:41
MERGED from [org.firstinspires.ftc:Inspection:6.0.1] AndroidManifest.xml:7:5-9:41
MERGED from [org.firstinspires.ftc:Blocks:6.0.1] AndroidManifest.xml:7:5-9:41
MERGED from [org.firstinspires.ftc:Blocks:6.0.1] AndroidManifest.xml:7:5-9:41
MERGED from [org.firstinspires.ftc:RobotServer:6.0.1] AndroidManifest.xml:7:5-9:41
MERGED from [org.firstinspires.ftc:RobotServer:6.0.1] AndroidManifest.xml:7:5-9:41
MERGED from [org.firstinspires.ftc:OnBotJava:6.0.1] AndroidManifest.xml:39:5-41:41
MERGED from [org.firstinspires.ftc:OnBotJava:6.0.1] AndroidManifest.xml:39:5-41:41
MERGED from [androidx.appcompat:appcompat:1.2.0] AndroidManifest.xml:20:5-22:41
MERGED from [androidx.appcompat:appcompat:1.2.0] AndroidManifest.xml:20:5-22:41
MERGED from [androidx.fragment:fragment:1.1.0] AndroidManifest.xml:20:5-22:41
MERGED from [androidx.fragment:fragment:1.1.0] AndroidManifest.xml:20:5-22:41
MERGED from [androidx.appcompat:appcompat-resources:1.2.0] AndroidManifest.xml:20:5-22:41
MERGED from [androidx.appcompat:appcompat-resources:1.2.0] AndroidManifest.xml:20:5-22:41
MERGED from [androidx.drawerlayout:drawerlayout:1.0.0] AndroidManifest.xml:20:5-44
MERGED from [androidx.drawerlayout:drawerlayout:1.0.0] AndroidManifest.xml:20:5-44
MERGED from [androidx.viewpager:viewpager:1.0.0] AndroidManifest.xml:20:5-44
MERGED from [androidx.viewpager:viewpager:1.0.0] AndroidManifest.xml:20:5-44
MERGED from [androidx.loader:loader:1.0.0] AndroidManifest.xml:20:5-44
MERGED from [androidx.loader:loader:1.0.0] AndroidManifest.xml:20:5-44
MERGED from [androidx.activity:activity:1.0.0] AndroidManifest.xml:20:5-22:41
MERGED from [androidx.activity:activity:1.0.0] AndroidManifest.xml:20:5-22:41
MERGED from [androidx.vectordrawable:vectordrawable-animated:1.1.0] AndroidManifest.xml:20:5-22:41
MERGED from [androidx.vectordrawable:vectordrawable-animated:1.1.0] AndroidManifest.xml:20:5-22:41
MERGED from [androidx.vectordrawable:vectordrawable:1.1.0] AndroidManifest.xml:20:5-22:41
MERGED from [androidx.vectordrawable:vectordrawable:1.1.0] AndroidManifest.xml:20:5-22:41
MERGED from [androidx.customview:customview:1.0.0] AndroidManifest.xml:20:5-44
MERGED from [androidx.customview:customview:1.0.0] AndroidManifest.xml:20:5-44
MERGED from [androidx.core:core:1.3.0] AndroidManifest.xml:20:5-22:41
MERGED from [androidx.core:core:1.3.0] AndroidManifest.xml:20:5-22:41
MERGED from [androidx.cursoradapter:cursoradapter:1.0.0] AndroidManifest.xml:20:5-44
MERGED from [androidx.cursoradapter:cursoradapter:1.0.0] AndroidManifest.xml:20:5-44
MERGED from [androidx.versionedparcelable:versionedparcelable:1.1.0] AndroidManifest.xml:20:5-22:41
MERGED from [androidx.versionedparcelable:versionedparcelable:1.1.0] AndroidManifest.xml:20:5-22:41
MERGED from [androidx.lifecycle:lifecycle-runtime:2.1.0] AndroidManifest.xml:20:5-44
MERGED from [androidx.lifecycle:lifecycle-runtime:2.1.0] AndroidManifest.xml:20:5-44
MERGED from [androidx.lifecycle:lifecycle-viewmodel:2.1.0] AndroidManifest.xml:20:5-44
MERGED from [androidx.lifecycle:lifecycle-viewmodel:2.1.0] AndroidManifest.xml:20:5-44
MERGED from [androidx.savedstate:savedstate:1.0.0] AndroidManifest.xml:20:5-22:41
MERGED from [androidx.savedstate:savedstate:1.0.0] AndroidManifest.xml:20:5-22:41
MERGED from [androidx.interpolator:interpolator:1.0.0] AndroidManifest.xml:20:5-44
MERGED from [androidx.interpolator:interpolator:1.0.0] AndroidManifest.xml:20:5-44
MERGED from [androidx.lifecycle:lifecycle-livedata:2.0.0] AndroidManifest.xml:20:5-44
MERGED from [androidx.lifecycle:lifecycle-livedata:2.0.0] AndroidManifest.xml:20:5-44
MERGED from [androidx.lifecycle:lifecycle-livedata-core:2.0.0] AndroidManifest.xml:20:5-44
MERGED from [androidx.lifecycle:lifecycle-livedata-core:2.0.0] AndroidManifest.xml:20:5-44
MERGED from [androidx.arch.core:core-runtime:2.0.0] AndroidManifest.xml:20:5-44
MERGED from [androidx.arch.core:core-runtime:2.0.0] AndroidManifest.xml:20:5-44
INJECTED from src/main/AndroidManifest.xml
INJECTED from src/main/AndroidManifest.xml
	android:targetSdkVersion
		INJECTED from src/main/AndroidManifest.xml
		ADDED from src/main/AndroidManifest.xml
		INJECTED from src/main/AndroidManifest.xml
	android:minSdkVersion
		INJECTED from src/main/AndroidManifest.xml
		ADDED from src/main/AndroidManifest.xml
		INJECTED from src/main/AndroidManifest.xml
uses-permission#android.permission.RECEIVE_BOOT_COMPLETED
ADDED from [:FtcRobotController] AndroidManifest.xml:12:5-81
	android:name
		ADDED from [:FtcRobotController] AndroidManifest.xml:12:22-78
meta-data#org.firstinspires.latestSupportedControlHubVersion
ADDED from [:FtcRobotController] AndroidManifest.xml:23:9-25:33
	android:value
		ADDED from [:FtcRobotController] AndroidManifest.xml:25:13-30
	android:name
		ADDED from [:FtcRobotController] AndroidManifest.xml:24:13-78
activity#org.firstinspires.ftc.robotcontroller.internal.PermissionValidatorWrapper
ADDED from [:FtcRobotController] AndroidManifest.xml:28:9-39:20
	android:screenOrientation
		ADDED from [:FtcRobotController] AndroidManifest.xml:33:13-49
	android:label
		ADDED from [:FtcRobotController] AndroidManifest.xml:31:13-45
	android:launchMode
		ADDED from [:FtcRobotController] AndroidManifest.xml:32:13-44
	android:configChanges
		ADDED from [:FtcRobotController] AndroidManifest.xml:30:13-59
	android:name
		ADDED from [:FtcRobotController] AndroidManifest.xml:29:13-101
intent-filter#action:name:android.intent.action.MAIN+category:name:android.intent.category.LAUNCHER
ADDED from [:FtcRobotController] AndroidManifest.xml:34:13-38:29
category#android.intent.category.LAUNCHER
ADDED from [:FtcRobotController] AndroidManifest.xml:35:17-77
	android:name
		ADDED from [:FtcRobotController] AndroidManifest.xml:35:27-74
action#android.intent.action.MAIN
ADDED from [:FtcRobotController] AndroidManifest.xml:37:17-69
	android:name
		ADDED from [:FtcRobotController] AndroidManifest.xml:37:25-66
activity#org.firstinspires.ftc.robotcontroller.internal.FtcRobotControllerActivity
ADDED from [:FtcRobotController] AndroidManifest.xml:40:9-58:20
	android:screenOrientation
		ADDED from [:FtcRobotController] AndroidManifest.xml:45:13-49
	android:label
		ADDED from [:FtcRobotController] AndroidManifest.xml:43:13-45
	android:launchMode
		ADDED from [:FtcRobotController] AndroidManifest.xml:44:13-44
	android:configChanges
		ADDED from [:FtcRobotController] AndroidManifest.xml:42:13-59
	android:name
		ADDED from [:FtcRobotController] AndroidManifest.xml:41:13-101
intent-filter#action:name:android.hardware.usb.action.USB_DEVICE_ATTACHED
ADDED from [:FtcRobotController] AndroidManifest.xml:46:13-48:29
action#android.hardware.usb.action.USB_DEVICE_ATTACHED
ADDED from [:FtcRobotController] AndroidManifest.xml:47:17-90
	android:name
		ADDED from [:FtcRobotController] AndroidManifest.xml:47:25-87
meta-data#android.hardware.usb.action.USB_DEVICE_ATTACHED
ADDED from [:FtcRobotController] AndroidManifest.xml:50:13-52:57
	android:resource
		ADDED from [:FtcRobotController] AndroidManifest.xml:52:17-54
	android:name
		ADDED from [:FtcRobotController] AndroidManifest.xml:51:17-79
meta-data#org.firstinspires.main.entry
ADDED from [:FtcRobotController] AndroidManifest.xml:55:13-57:40
	android:value
		ADDED from [:FtcRobotController] AndroidManifest.xml:57:17-37
	android:name
		ADDED from [:FtcRobotController] AndroidManifest.xml:56:17-60
service#com.qualcomm.ftccommon.FtcRobotControllerService
ADDED from [:FtcRobotController] AndroidManifest.xml:61:9-63:38
	android:enabled
		ADDED from [:FtcRobotController] AndroidManifest.xml:63:13-35
	android:name
		ADDED from [:FtcRobotController] AndroidManifest.xml:62:13-76
uses-permission#android.permission.ACCESS_WIFI_STATE
ADDED from [org.firstinspires.ftc:RobotCore:6.0.1] AndroidManifest.xml:11:5-13:35
MERGED from [org.firstinspires.ftc:FtcCommon:6.0.1] AndroidManifest.xml:12:5-76
MERGED from [org.firstinspires.ftc:FtcCommon:6.0.1] AndroidManifest.xml:12:5-76
MERGED from [org.firstinspires.ftc:Inspection:6.0.1] AndroidManifest.xml:11:5-76
MERGED from [org.firstinspires.ftc:Inspection:6.0.1] AndroidManifest.xml:11:5-76
	android:required
		ADDED from [org.firstinspires.ftc:RobotCore:6.0.1] AndroidManifest.xml:13:9-32
	android:name
		ADDED from [org.firstinspires.ftc:RobotCore:6.0.1] AndroidManifest.xml:12:9-60
uses-permission#android.permission.CHANGE_WIFI_STATE
ADDED from [org.firstinspires.ftc:RobotCore:6.0.1] AndroidManifest.xml:14:5-16:35
MERGED from [org.firstinspires.ftc:Inspection:6.0.1] AndroidManifest.xml:13:5-76
MERGED from [org.firstinspires.ftc:Inspection:6.0.1] AndroidManifest.xml:13:5-76
	android:required
		ADDED from [org.firstinspires.ftc:RobotCore:6.0.1] AndroidManifest.xml:16:9-32
	android:name
		ADDED from [org.firstinspires.ftc:RobotCore:6.0.1] AndroidManifest.xml:15:9-60
uses-permission#android.permission.BLUETOOTH
ADDED from [org.firstinspires.ftc:RobotCore:6.0.1] AndroidManifest.xml:17:5-68
MERGED from [org.firstinspires.ftc:Inspection:6.0.1] AndroidManifest.xml:17:5-68
MERGED from [org.firstinspires.ftc:Inspection:6.0.1] AndroidManifest.xml:17:5-68
	android:name
		ADDED from [org.firstinspires.ftc:RobotCore:6.0.1] AndroidManifest.xml:17:22-65
uses-permission#android.permission.ACCESS_NETWORK_STATE
ADDED from [org.firstinspires.ftc:RobotCore:6.0.1] AndroidManifest.xml:18:5-20:35
MERGED from [org.firstinspires.ftc:Inspection:6.0.1] AndroidManifest.xml:16:5-79
MERGED from [org.firstinspires.ftc:Inspection:6.0.1] AndroidManifest.xml:16:5-79
	android:required
		ADDED from [org.firstinspires.ftc:RobotCore:6.0.1] AndroidManifest.xml:20:9-32
	android:name
		ADDED from [org.firstinspires.ftc:RobotCore:6.0.1] AndroidManifest.xml:19:9-63
uses-permission#android.permission.CHANGE_NETWORK_STATE
ADDED from [org.firstinspires.ftc:RobotCore:6.0.1] AndroidManifest.xml:21:5-23:35
MERGED from [org.firstinspires.ftc:Inspection:6.0.1] AndroidManifest.xml:14:5-79
MERGED from [org.firstinspires.ftc:Inspection:6.0.1] AndroidManifest.xml:14:5-79
	android:required
		ADDED from [org.firstinspires.ftc:RobotCore:6.0.1] AndroidManifest.xml:23:9-32
	android:name
		ADDED from [org.firstinspires.ftc:RobotCore:6.0.1] AndroidManifest.xml:22:9-63
uses-permission#android.permission.INTERNET
ADDED from [org.firstinspires.ftc:RobotCore:6.0.1] AndroidManifest.xml:24:5-26:35
MERGED from [org.firstinspires.ftc:Inspection:6.0.1] AndroidManifest.xml:15:5-67
MERGED from [org.firstinspires.ftc:Inspection:6.0.1] AndroidManifest.xml:15:5-67
	android:required
		ADDED from [org.firstinspires.ftc:RobotCore:6.0.1] AndroidManifest.xml:26:9-32
	android:name
		ADDED from [org.firstinspires.ftc:RobotCore:6.0.1] AndroidManifest.xml:25:9-51
uses-permission#android.permission.WRITE_EXTERNAL_STORAGE
ADDED from [org.firstinspires.ftc:RobotCore:6.0.1] AndroidManifest.xml:29:5-31:35
MERGED from [org.firstinspires.ftc:FtcCommon:6.0.1] AndroidManifest.xml:13:5-15:35
MERGED from [org.firstinspires.ftc:FtcCommon:6.0.1] AndroidManifest.xml:13:5-15:35
MERGED from [org.firstinspires.ftc:Blocks:6.0.1] AndroidManifest.xml:11:5-13:35
MERGED from [org.firstinspires.ftc:Blocks:6.0.1] AndroidManifest.xml:11:5-13:35
	android:required
		ADDED from [org.firstinspires.ftc:RobotCore:6.0.1] AndroidManifest.xml:31:9-32
	android:name
		ADDED from [org.firstinspires.ftc:RobotCore:6.0.1] AndroidManifest.xml:30:9-65
uses-permission#android.permission.READ_EXTERNAL_STORAGE
ADDED from [org.firstinspires.ftc:RobotCore:6.0.1] AndroidManifest.xml:33:5-35:35
MERGED from [org.firstinspires.ftc:FtcCommon:6.0.1] AndroidManifest.xml:16:5-18:35
MERGED from [org.firstinspires.ftc:FtcCommon:6.0.1] AndroidManifest.xml:16:5-18:35
MERGED from [org.firstinspires.ftc:Blocks:6.0.1] AndroidManifest.xml:14:5-16:35
MERGED from [org.firstinspires.ftc:Blocks:6.0.1] AndroidManifest.xml:14:5-16:35
	android:required
		ADDED from [org.firstinspires.ftc:RobotCore:6.0.1] AndroidManifest.xml:35:9-32
	android:name
		ADDED from [org.firstinspires.ftc:RobotCore:6.0.1] AndroidManifest.xml:34:9-64
uses-permission#android.permission.WRITE_SETTINGS
ADDED from [org.firstinspires.ftc:RobotCore:6.0.1] AndroidManifest.xml:38:5-40:35
MERGED from [org.firstinspires.ftc:FtcCommon:6.0.1] AndroidManifest.xml:19:5-21:35
MERGED from [org.firstinspires.ftc:FtcCommon:6.0.1] AndroidManifest.xml:19:5-21:35
	android:required
		ADDED from [org.firstinspires.ftc:RobotCore:6.0.1] AndroidManifest.xml:40:9-32
	android:name
		ADDED from [org.firstinspires.ftc:RobotCore:6.0.1] AndroidManifest.xml:39:9-57
uses-permission#android.permission.SET_TIME_ZONE
ADDED from [org.firstinspires.ftc:RobotCore:6.0.1] AndroidManifest.xml:43:5-45:35
	android:required
		ADDED from [org.firstinspires.ftc:RobotCore:6.0.1] AndroidManifest.xml:45:9-32
	android:name
		ADDED from [org.firstinspires.ftc:RobotCore:6.0.1] AndroidManifest.xml:44:9-56
uses-permission#android.permission.WAKE_LOCK
ADDED from [org.firstinspires.ftc:RobotCore:6.0.1] AndroidManifest.xml:52:5-54:35
	android:required
		ADDED from [org.firstinspires.ftc:RobotCore:6.0.1] AndroidManifest.xml:54:9-32
	android:name
		ADDED from [org.firstinspires.ftc:RobotCore:6.0.1] AndroidManifest.xml:53:9-52
uses-permission#android.permission.CAMERA
ADDED from [org.firstinspires.ftc:RobotCore:6.0.1] AndroidManifest.xml:55:5-65
	android:name
		ADDED from [org.firstinspires.ftc:RobotCore:6.0.1] AndroidManifest.xml:55:22-62
uses-permission#android.permission.ACCESS_COARSE_LOCATION
ADDED from [org.firstinspires.ftc:RobotCore:6.0.1] AndroidManifest.xml:56:5-58:35
	android:required
		ADDED from [org.firstinspires.ftc:RobotCore:6.0.1] AndroidManifest.xml:58:9-32
	android:name
		ADDED from [org.firstinspires.ftc:RobotCore:6.0.1] AndroidManifest.xml:57:9-65
uses-permission#android.permission.ACCESS_FINE_LOCATION
ADDED from [org.firstinspires.ftc:RobotCore:6.0.1] AndroidManifest.xml:59:5-61:35
	android:required
		ADDED from [org.firstinspires.ftc:RobotCore:6.0.1] AndroidManifest.xml:61:9-32
	android:name
		ADDED from [org.firstinspires.ftc:RobotCore:6.0.1] AndroidManifest.xml:60:9-63
uses-permission#android.permission.READ_PHONE_STATE
ADDED from [org.firstinspires.ftc:RobotCore:6.0.1] AndroidManifest.xml:62:5-64:35
	android:required
		ADDED from [org.firstinspires.ftc:RobotCore:6.0.1] AndroidManifest.xml:64:9-32
	android:name
		ADDED from [org.firstinspires.ftc:RobotCore:6.0.1] AndroidManifest.xml:63:9-59
uses-permission#com.revrobotics.permission.UPDATE_CONTROL_HUB
ADDED from [org.firstinspires.ftc:RobotCore:6.0.1] AndroidManifest.xml:65:5-67:35
	android:required
		ADDED from [org.firstinspires.ftc:RobotCore:6.0.1] AndroidManifest.xml:67:9-32
	android:name
		ADDED from [org.firstinspires.ftc:RobotCore:6.0.1] AndroidManifest.xml:66:9-69
uses-feature#android.hardware.usb.accessory
ADDED from [org.firstinspires.ftc:RobotCore:6.0.1] AndroidManifest.xml:69:5-67
	android:name
		ADDED from [org.firstinspires.ftc:RobotCore:6.0.1] AndroidManifest.xml:69:19-64
uses-feature#0x00020000
ADDED from [org.firstinspires.ftc:RobotCore:6.0.1] AndroidManifest.xml:70:5-54
	android:glEsVersion
		ADDED from [org.firstinspires.ftc:RobotCore:6.0.1] AndroidManifest.xml:70:19-51
uses-feature#android.hardware.camera
ADDED from [org.firstinspires.ftc:RobotCore:6.0.1] AndroidManifest.xml:84:5-60
	android:name
		ADDED from [org.firstinspires.ftc:RobotCore:6.0.1] AndroidManifest.xml:84:19-57
provider#androidx.core.content.FileProvider
ADDED from [org.firstinspires.ftc:RobotCore:6.0.1] AndroidManifest.xml:92:9-100:20
	android:grantUriPermissions
		ADDED from [org.firstinspires.ftc:RobotCore:6.0.1] AndroidManifest.xml:96:13-47
	android:authorities
		ADDED from [org.firstinspires.ftc:RobotCore:6.0.1] AndroidManifest.xml:94:13-60
	android:exported
		ADDED from [org.firstinspires.ftc:RobotCore:6.0.1] AndroidManifest.xml:95:13-37
	android:name
		ADDED from [org.firstinspires.ftc:RobotCore:6.0.1] AndroidManifest.xml:93:13-62
meta-data#android.support.FILE_PROVIDER_PATHS
ADDED from [org.firstinspires.ftc:RobotCore:6.0.1] AndroidManifest.xml:97:13-99:63
	android:resource
		ADDED from [org.firstinspires.ftc:RobotCore:6.0.1] AndroidManifest.xml:99:17-60
	android:name
		ADDED from [org.firstinspires.ftc:RobotCore:6.0.1] AndroidManifest.xml:98:17-67
service#org.firstinspires.ftc.robotcore.internal.files.MediaTransferProtocolMonitorService
ADDED from [org.firstinspires.ftc:RobotCore:6.0.1] AndroidManifest.xml:103:9-105:38
	android:enabled
		ADDED from [org.firstinspires.ftc:RobotCore:6.0.1] AndroidManifest.xml:105:13-35
	android:name
		ADDED from [org.firstinspires.ftc:RobotCore:6.0.1] AndroidManifest.xml:104:13-110
meta-data#autoStartService.org.firstinspires.ftc.robotcore.internal.files.MediaTransferProtocolMonitorService
ADDED from [org.firstinspires.ftc:RobotCore:6.0.1] AndroidManifest.xml:107:9-109:41
	android:value
		ADDED from [org.firstinspires.ftc:RobotCore:6.0.1] AndroidManifest.xml:109:13-38
	android:name
		ADDED from [org.firstinspires.ftc:RobotCore:6.0.1] AndroidManifest.xml:108:13-127
service#org.firstinspires.ftc.onbotjava.OnBotJavaService
ADDED from [org.firstinspires.ftc:RobotCore:6.0.1] AndroidManifest.xml:112:9-114:38
	android:enabled
		ADDED from [org.firstinspires.ftc:RobotCore:6.0.1] AndroidManifest.xml:114:13-35
	android:name
		ADDED from [org.firstinspires.ftc:RobotCore:6.0.1] AndroidManifest.xml:113:13-76
meta-data#autoStartService.org.firstinspires.ftc.onbotjava.OnBotJavaService
ADDED from [org.firstinspires.ftc:RobotCore:6.0.1] AndroidManifest.xml:116:9-118:39
	android:value
		ADDED from [org.firstinspires.ftc:RobotCore:6.0.1] AndroidManifest.xml:118:13-36
	android:name
		ADDED from [org.firstinspires.ftc:RobotCore:6.0.1] AndroidManifest.xml:117:13-93
receiver#org.firstinspires.ftc.robotserver.internal.webserver.controlhubupdater.ChUpdaterCommManager$ChUpdaterBroadcastReceiver
ADDED from [org.firstinspires.ftc:RobotCore:6.0.1] AndroidManifest.xml:120:9-127:20
	android:exported
		ADDED from [org.firstinspires.ftc:RobotCore:6.0.1] AndroidManifest.xml:122:13-36
	android:permission
		ADDED from [org.firstinspires.ftc:RobotCore:6.0.1] AndroidManifest.xml:123:13-69
	android:name
		ADDED from [org.firstinspires.ftc:RobotCore:6.0.1] AndroidManifest.xml:121:13-146
intent-filter#action:name:com.revrobotics.controlhubupdater.broadcast.RESULT_BROADCAST
ADDED from [org.firstinspires.ftc:RobotCore:6.0.1] AndroidManifest.xml:124:13-126:29
action#com.revrobotics.controlhubupdater.broadcast.RESULT_BROADCAST
ADDED from [org.firstinspires.ftc:RobotCore:6.0.1] AndroidManifest.xml:125:17-103
	android:name
		ADDED from [org.firstinspires.ftc:RobotCore:6.0.1] AndroidManifest.xml:125:25-100
activity#com.qualcomm.ftccommon.FtcRobotControllerSettingsActivity
ADDED from [org.firstinspires.ftc:FtcCommon:6.0.1] AndroidManifest.xml:26:9-30:20
	android:label
		ADDED from [org.firstinspires.ftc:FtcCommon:6.0.1] AndroidManifest.xml:29:13-54
	android:exported
		ADDED from [org.firstinspires.ftc:FtcCommon:6.0.1] AndroidManifest.xml:28:13-36
	android:name
		ADDED from [org.firstinspires.ftc:FtcCommon:6.0.1] AndroidManifest.xml:27:13-85
activity#com.qualcomm.ftccommon.configuration.FtcLoadFileActivity
ADDED from [org.firstinspires.ftc:FtcCommon:6.0.1] AndroidManifest.xml:31:9-36:20
	android:label
		ADDED from [org.firstinspires.ftc:FtcCommon:6.0.1] AndroidManifest.xml:35:13-55
	android:exported
		ADDED from [org.firstinspires.ftc:FtcCommon:6.0.1] AndroidManifest.xml:34:13-36
	android:configChanges
		ADDED from [org.firstinspires.ftc:FtcCommon:6.0.1] AndroidManifest.xml:33:13-59
	android:name
		ADDED from [org.firstinspires.ftc:FtcCommon:6.0.1] AndroidManifest.xml:32:13-84
activity#com.qualcomm.ftccommon.configuration.ConfigureFromTemplateActivity
ADDED from [org.firstinspires.ftc:FtcCommon:6.0.1] AndroidManifest.xml:37:9-42:20
	android:label
		ADDED from [org.firstinspires.ftc:FtcCommon:6.0.1] AndroidManifest.xml:41:13-70
	android:exported
		ADDED from [org.firstinspires.ftc:FtcCommon:6.0.1] AndroidManifest.xml:40:13-36
	android:configChanges
		ADDED from [org.firstinspires.ftc:FtcCommon:6.0.1] AndroidManifest.xml:39:13-59
	android:name
		ADDED from [org.firstinspires.ftc:FtcCommon:6.0.1] AndroidManifest.xml:38:13-94
activity#com.qualcomm.ftccommon.ViewLogsActivity
ADDED from [org.firstinspires.ftc:FtcCommon:6.0.1] AndroidManifest.xml:43:9-48:20
	android:label
		ADDED from [org.firstinspires.ftc:FtcCommon:6.0.1] AndroidManifest.xml:47:13-55
	android:exported
		ADDED from [org.firstinspires.ftc:FtcCommon:6.0.1] AndroidManifest.xml:46:13-36
	android:configChanges
		ADDED from [org.firstinspires.ftc:FtcCommon:6.0.1] AndroidManifest.xml:45:13-59
	android:name
		ADDED from [org.firstinspires.ftc:FtcCommon:6.0.1] AndroidManifest.xml:44:13-67
activity#com.qualcomm.ftccommon.configuration.FtcConfigurationActivity
ADDED from [org.firstinspires.ftc:FtcCommon:6.0.1] AndroidManifest.xml:49:9-53:20
	android:label
		ADDED from [org.firstinspires.ftc:FtcCommon:6.0.1] AndroidManifest.xml:52:13-45
	android:configChanges
		ADDED from [org.firstinspires.ftc:FtcCommon:6.0.1] AndroidManifest.xml:51:13-59
	android:name
		ADDED from [org.firstinspires.ftc:FtcCommon:6.0.1] AndroidManifest.xml:50:13-89
activity#com.qualcomm.ftccommon.configuration.FtcNewFileActivity
ADDED from [org.firstinspires.ftc:FtcCommon:6.0.1] AndroidManifest.xml:54:9-58:20
	android:label
		ADDED from [org.firstinspires.ftc:FtcCommon:6.0.1] AndroidManifest.xml:57:13-45
	android:configChanges
		ADDED from [org.firstinspires.ftc:FtcCommon:6.0.1] AndroidManifest.xml:56:13-59
	android:name
		ADDED from [org.firstinspires.ftc:FtcCommon:6.0.1] AndroidManifest.xml:55:13-83
activity#com.qualcomm.ftccommon.ConfigWifiDirectActivity
ADDED from [org.firstinspires.ftc:FtcCommon:6.0.1] AndroidManifest.xml:59:9-62:73
	android:label
		ADDED from [org.firstinspires.ftc:FtcCommon:6.0.1] AndroidManifest.xml:62:13-70
	android:exported
		ADDED from [org.firstinspires.ftc:FtcCommon:6.0.1] AndroidManifest.xml:61:13-36
	android:name
		ADDED from [org.firstinspires.ftc:FtcCommon:6.0.1] AndroidManifest.xml:60:13-75
activity#com.qualcomm.ftccommon.FtcAdvancedRCSettingsActivity
ADDED from [org.firstinspires.ftc:FtcCommon:6.0.1] AndroidManifest.xml:63:9-67:20
	android:label
		ADDED from [org.firstinspires.ftc:FtcCommon:6.0.1] AndroidManifest.xml:66:13-60
	android:exported
		ADDED from [org.firstinspires.ftc:FtcCommon:6.0.1] AndroidManifest.xml:65:13-36
	android:name
		ADDED from [org.firstinspires.ftc:FtcCommon:6.0.1] AndroidManifest.xml:64:13-80
activity#com.qualcomm.ftccommon.FtcLynxFirmwareUpdateActivity
ADDED from [org.firstinspires.ftc:FtcCommon:6.0.1] AndroidManifest.xml:68:9-71:20
	android:exported
		ADDED from [org.firstinspires.ftc:FtcCommon:6.0.1] AndroidManifest.xml:70:13-36
	android:name
		ADDED from [org.firstinspires.ftc:FtcCommon:6.0.1] AndroidManifest.xml:69:13-80
activity#com.qualcomm.ftccommon.FtcLynxModuleAddressUpdateActivity
ADDED from [org.firstinspires.ftc:FtcCommon:6.0.1] AndroidManifest.xml:72:9-75:20
	android:exported
		ADDED from [org.firstinspires.ftc:FtcCommon:6.0.1] AndroidManifest.xml:74:13-36
	android:name
		ADDED from [org.firstinspires.ftc:FtcCommon:6.0.1] AndroidManifest.xml:73:13-85
activity#com.qualcomm.ftccommon.FtcWifiDirectChannelSelectorActivity
ADDED from [org.firstinspires.ftc:FtcCommon:6.0.1] AndroidManifest.xml:76:9-80:20
	android:label
		ADDED from [org.firstinspires.ftc:FtcCommon:6.0.1] AndroidManifest.xml:79:13-73
	android:exported
		ADDED from [org.firstinspires.ftc:FtcCommon:6.0.1] AndroidManifest.xml:78:13-36
	android:name
		ADDED from [org.firstinspires.ftc:FtcCommon:6.0.1] AndroidManifest.xml:77:13-87
activity#com.qualcomm.ftccommon.FtcWifiDirectRememberedGroupsActivity